<?xml version="1.0" encoding="UTF-8"?>
<!-- Generated by org.testng.reporters.JUnitReportReporter -->
<testsuite hostname="Mds-MacBook-Pro.local" failures="0" tests="1" name="framework.test" time="2.324" errors="0" timestamp="2021-01-25T12:08:51 EST" skipped="0">
  <testcase classname="framework.test" name="test1" time="2.324"/>
  <system-out/>
</testsuite> <!-- framework.test -->
